<?xml version="1.0" encoding="UTF-8"?>
<!-- Generated by org.testng.reporters.JUnitXMLReporter -->
<testsuite hostname="ASDW0068" ignored="0" name="Default test" tests="3" failures="0" timestamp="2019-08-23T17:34:45 PDT" time="21.306" errors="0">
  <testcase name="testCoversion" time="0.013" classname="com.tranlatortext.selenium.translatortextapi.SeleniumTestClass"/>
  <testcase name="testCoversion" time="4.315" classname="com.tranlatortext.selenium.translatortextapi.SeleniumTestClass"/>
  <testcase name="testCoversion" time="0.915" classname="com.tranlatortext.selenium.translatortextapi.SeleniumTestClass"/>
</testsuite> <!-- Default test -->
